# JRE version: OpenJDK Runtime Environment (8.0_152-b26) (build 1.8.0_152-release-1343-b26)
# Java VM: OpenJDK 64-Bit Server VM (25.152-b26 mixed mode linux-amd64 compressed oops)
Heap:
 par new generation   total 230400K, used 182429K [0x00000000d1200000, 0x00000000e0c00000, 0x00000000e0c00000)
  eden space 204800K,  79% used [0x00000000d1200000, 0x00000000db127400, 0x00000000dda00000)
  from space 25600K,  76% used [0x00000000dda00000, 0x00000000ded00120, 0x00000000df300000)
  to   space 25600K,   0% used [0x00000000df300000, 0x00000000df300000, 0x00000000e0c00000)
 concurrent mark-sweep generation total 512000K, used 263191K [0x00000000e0c00000, 0x0000000100000000, 0x0000000100000000)
 Metaspace       used 292730K, capacity 314447K, committed 314652K, reserved 1323008K
  class space    used 37186K, capacity 41100K, committed 41104K, reserved 1048576K
GC Heap History (10 events):
Event: 24987,015 GC heap before
{Heap before GC invocations=2129 (full 138):
 par new generation   total 230400K, used 219001K [0x00000000d1200000, 0x00000000e0c00000, 0x00000000e0c00000)
  eden space 204800K, 100% used [0x00000000d1200000, 0x00000000dda00000, 0x00000000dda00000)
  from space 25600K,  55% used [0x00000000df300000, 0x00000000e00de6a8, 0x00000000e0c00000)
  to   space 25600K,   0% used [0x00000000dda00000, 0x00000000dda00000, 0x00000000df300000)
 concurrent mark-sweep generation total 512000K, used 244901K [0x00000000e0c00000, 0x0000000100000000, 0x0000000100000000)
 Metaspace       used 292416K, capacity 314181K, committed 314396K, reserved 1323008K
  class space    used 37155K, capacity 41085K, committed 41104K, reserved 1048576K
Event: 24987,024 GC heap after
Heap after GC invocations=2130 (full 138):
 par new generation   total 230400K, used 6932K [0x00000000d1200000, 0x00000000e0c00000, 0x00000000e0c00000)
  eden space 204800K,   0% used [0x00000000d1200000, 0x00000000d1200000, 0x00000000dda00000)
  from space 25600K,  27% used [0x00000000dda00000, 0x00000000de0c53b8, 0x00000000df300000)
  to   space 25600K,   0% used [0x00000000df300000, 0x00000000df300000, 0x00000000e0c00000)
 concurrent mark-sweep generation total 512000K, used 244901K [0x00000000e0c00000, 0x0000000100000000, 0x0000000100000000)
 Metaspace       used 292416K, capacity 314181K, committed 314396K, reserved 1323008K
  class space    used 37155K, capacity 41085K, committed 41104K, reserved 1048576K
}
Event: 24995,608 GC heap before
{Heap before GC invocations=2130 (full 138):
 par new generation   total 230400K, used 211732K [0x00000000d1200000, 0x00000000e0c00000, 0x00000000e0c00000)
  eden space 204800K, 100% used [0x00000000d1200000, 0x00000000dda00000, 0x00000000dda00000)
  from space 25600K,  27% used [0x00000000dda00000, 0x00000000de0c53b8, 0x00000000df300000)
  to   space 25600K,   0% used [0x00000000df300000, 0x00000000df300000, 0x00000000e0c00000)
 concurrent mark-sweep generation total 512000K, used 244901K [0x00000000e0c00000, 0x0000000100000000, 0x0000000100000000)
 Metaspace       used 292453K, capacity 314201K, committed 314396K, reserved 1323008K
  class space    used 37159K, capacity 41091K, committed 41104K, reserved 1048576K
Event: 24995,619 GC heap after
Heap after GC invocations=2131 (full 138):
 par new generation   total 230400K, used 14374K [0x00000000d1200000, 0x00000000e0c00000, 0x00000000e0c00000)
  eden space 204800K,   0% used [0x00000000d1200000, 0x00000000d1200000, 0x00000000dda00000)
  from space 25600K,  56% used [0x00000000df300000, 0x00000000e0109860, 0x00000000e0c00000)
  to   space 25600K,   0% used [0x00000000dda00000, 0x00000000dda00000, 0x00000000df300000)
 concurrent mark-sweep generation total 512000K, used 244901K [0x00000000e0c00000, 0x0000000100000000, 0x0000000100000000)
 Metaspace       used 292453K, capacity 314201K, committed 314396K, reserved 1323008K
  class space    used 37159K, capacity 41091K, committed 41104K, reserved 1048576K
}
Event: 25017,894 GC heap before
{Heap before GC invocations=2131 (full 138):
 par new generation   total 230400K, used 219174K [0x00000000d1200000, 0x00000000e0c00000, 0x00000000e0c00000)
  eden space 204800K, 100% used [0x00000000d1200000, 0x00000000dda00000, 0x00000000dda00000)
  from space 25600K,  56% used [0x00000000df300000, 0x00000000e0109860, 0x00000000e0c00000)
  to   space 25600K,   0% used [0x00000000dda00000, 0x00000000dda00000, 0x00000000df300000)
 concurrent mark-sweep generation total 512000K, used 244901K [0x00000000e0c00000, 0x0000000100000000, 0x0000000100000000)
 Metaspace       used 292510K, capacity 314229K, committed 314396K, reserved 1323008K
  class space    used 37163K, capacity 41095K, committed 41104K, reserved 1048576K
Event: 25017,917 GC heap after
Heap after GC invocations=2132 (full 138):
 par new generation   total 230400K, used 23679K [0x00000000d1200000, 0x00000000e0c00000, 0x00000000e0c00000)
  eden space 204800K,   0% used [0x00000000d1200000, 0x00000000d1200000, 0x00000000dda00000)
  from space 25600K,  92% used [0x00000000dda00000, 0x00000000df11fe48, 0x00000000df300000)
  to   space 25600K,   0% used [0x00000000df300000, 0x00000000df300000, 0x00000000e0c00000)
 concurrent mark-sweep generation total 512000K, used 244901K [0x00000000e0c00000, 0x0000000100000000, 0x0000000100000000)
 Metaspace       used 292510K, capacity 314229K, committed 314396K, reserved 1323008K
  class space    used 37163K, capacity 41095K, committed 41104K, reserved 1048576K
}
Event: 25027,757 GC heap before
{Heap before GC invocations=2132 (full 138):
 par new generation   total 230400K, used 228479K [0x00000000d1200000, 0x00000000e0c00000, 0x00000000e0c00000)
  eden space 204800K, 100% used [0x00000000d1200000, 0x00000000dda00000, 0x00000000dda00000)
  from space 25600K,  92% used [0x00000000dda00000, 0x00000000df11fe48, 0x00000000df300000)
  to   space 25600K,   0% used [0x00000000df300000, 0x00000000df300000, 0x00000000e0c00000)
 concurrent mark-sweep generation total 512000K, used 244901K [0x00000000e0c00000, 0x0000000100000000, 0x0000000100000000)
 Metaspace       used 292681K, capacity 314435K, committed 314652K, reserved 1323008K
  class space    used 37185K, capacity 41100K, committed 41104K, reserved 1048576K
Event: 25027,783 GC heap after
Heap after GC invocations=2133 (full 138):
 par new generation   total 230400K, used 25456K [0x00000000d1200000, 0x00000000e0c00000, 0x00000000e0c00000)
  eden space 204800K,   0% used [0x00000000d1200000, 0x00000000d1200000, 0x00000000dda00000)
  from space 25600K,  99% used [0x00000000df300000, 0x00000000e0bdc308, 0x00000000e0c00000)
  to   space 25600K,   0% used [0x00000000dda00000, 0x00000000dda00000, 0x00000000df300000)
 concurrent mark-sweep generation total 512000K, used 253452K [0x00000000e0c00000, 0x0000000100000000, 0x0000000100000000)
 Metaspace       used 292681K, capacity 314435K, committed 314652K, reserved 1323008K
  class space    used 37185K, capacity 41100K, committed 41104K, reserved 1048576K
}
Event: 25123,369 GC heap before
{Heap before GC invocations=2133 (full 138):
 par new generation   total 230400K, used 230256K [0x00000000d1200000, 0x00000000e0c00000, 0x00000000e0c00000)
  eden space 204800K, 100% used [0x00000000d1200000, 0x00000000dda00000, 0x00000000dda00000)
  from space 25600K,  99% used [0x00000000df300000, 0x00000000e0bdc308, 0x00000000e0c00000)
  to   space 25600K,   0% used [0x00000000dda00000, 0x00000000dda00000, 0x00000000df300000)
 concurrent mark-sweep generation total 512000K, used 253452K [0x00000000e0c00000, 0x0000000100000000, 0x0000000100000000)
 Metaspace       used 292712K, capacity 314443K, committed 314652K, reserved 1323008K
  class space    used 37186K, capacity 41100K, committed 41104K, reserved 1048576K
Event: 25123,400 GC heap after
Heap after GC invocations=2134 (full 138):
 par new generation   total 230400K, used 19456K [0x00000000d1200000, 0x00000000e0c00000, 0x00000000e0c00000)
  eden space 204800K,   0% used [0x00000000d1200000, 0x00000000d1200000, 0x00000000dda00000)
  from space 25600K,  76% used [0x00000000dda00000, 0x00000000ded00120, 0x00000000df300000)
  to   space 25600K,   0% used [0x00000000df300000, 0x00000000df300000, 0x00000000e0c00000)
 concurrent mark-sweep generation total 512000K, used 263191K [0x00000000e0c00000, 0x0000000100000000, 0x0000000100000000)
 Metaspace       used 292712K, capacity 314443K, committed 314652K, reserved 1323008K
  class space    used 37186K, capacity 41100K, committed 41104K, reserved 1048576K
}

